<?xml version="1.0" encoding="UTF-8"?>
<testng-results ignored="0" total="3" passed="3" failed="0" skipped="0">
  <reporter-output>
  </reporter-output>
  <suite started-at="2022-06-07T22:05:51 IST" name="Suite" finished-at="2022-06-07T22:07:46 IST" duration-ms="114716">
    <groups>
    </groups>
    <test started-at="2022-06-07T22:05:51 IST" name="chromeTest" finished-at="2022-06-07T22:07:46 IST" duration-ms="114716">
      <class name="TestClasses.VerifyUserCanAddFundToAccount">
        <test-method is-config="true" signature="beforeClass(java.lang.String)[pri:0, instance:TestClasses.VerifyUserCanAddFundToAccount@618b19ad]" started-at="2022-06-07T22:05:52 IST" name="beforeClass" finished-at="2022-06-07T22:06:42 IST" duration-ms="50007" status="PASS">
          <params>
            <param index="0">
              <value>
                <![CDATA[chrome]]>
              </value>
            </param>
          </params>
          <reporter-output>
          </reporter-output>
        </test-method> <!-- beforeClass -->
        <test-method is-config="true" signature="beforeMethod()[pri:0, instance:TestClasses.VerifyUserCanAddFundToAccount@618b19ad]" started-at="2022-06-07T22:06:42 IST" name="beforeMethod" finished-at="2022-06-07T22:06:42 IST" duration-ms="336" status="PASS">
          <reporter-output>
          </reporter-output>
        </test-method> <!-- beforeMethod -->
        <test-method signature="VerifyUserCanLogin()[pri:0, instance:TestClasses.VerifyUserCanAddFundToAccount@618b19ad]" started-at="2022-06-07T22:06:42 IST" name="VerifyUserCanLogin" finished-at="2022-06-07T22:07:25 IST" duration-ms="42600" status="PASS">
          <reporter-output>
          </reporter-output>
        </test-method> <!-- VerifyUserCanLogin -->
        <test-method is-config="true" signature="afterMethod(org.testng.ITestResult)[pri:0, instance:TestClasses.VerifyUserCanAddFundToAccount@618b19ad]" started-at="2022-06-07T22:07:25 IST" name="afterMethod" finished-at="2022-06-07T22:07:25 IST" duration-ms="62" status="PASS">
          <params>
            <param index="0">
              <value>
                <![CDATA[[TestResult name=VerifyUserCanLogin status=SUCCESS method=VerifyUserCanAddFundToAccount.VerifyUserCanLogin()[pri:0, instance:TestClasses.VerifyUserCanAddFundToAccount@618b19ad] output={null}]]]>
              </value>
            </param>
          </params>
          <reporter-output>
          </reporter-output>
        </test-method> <!-- afterMethod -->
        <test-method is-config="true" signature="beforeMethod()[pri:0, instance:TestClasses.VerifyUserCanAddFundToAccount@618b19ad]" started-at="2022-06-07T22:07:25 IST" name="beforeMethod" finished-at="2022-06-07T22:07:25 IST" duration-ms="89" status="PASS">
          <reporter-output>
          </reporter-output>
        </test-method> <!-- beforeMethod -->
        <test-method signature="VerifyUserCanOpenFundPage()[pri:0, instance:TestClasses.VerifyUserCanAddFundToAccount@618b19ad]" started-at="2022-06-07T22:07:25 IST" name="VerifyUserCanOpenFundPage" finished-at="2022-06-07T22:07:33 IST" duration-ms="8153" status="PASS">
          <reporter-output>
          </reporter-output>
        </test-method> <!-- VerifyUserCanOpenFundPage -->
        <test-method is-config="true" signature="afterMethod(org.testng.ITestResult)[pri:0, instance:TestClasses.VerifyUserCanAddFundToAccount@618b19ad]" started-at="2022-06-07T22:07:33 IST" name="afterMethod" finished-at="2022-06-07T22:07:33 IST" duration-ms="1" status="PASS">
          <params>
            <param index="0">
              <value>
                <![CDATA[[TestResult name=VerifyUserCanOpenFundPage status=SUCCESS method=VerifyUserCanAddFundToAccount.VerifyUserCanOpenFundPage()[pri:0, instance:TestClasses.VerifyUserCanAddFundToAccount@618b19ad] output={null}]]]>
              </value>
            </param>
          </params>
          <reporter-output>
          </reporter-output>
        </test-method> <!-- afterMethod -->
        <test-method is-config="true" signature="beforeMethod()[pri:0, instance:TestClasses.VerifyUserCanAddFundToAccount@618b19ad]" started-at="2022-06-07T22:07:33 IST" name="beforeMethod" finished-at="2022-06-07T22:07:33 IST" duration-ms="4" status="PASS">
          <reporter-output>
          </reporter-output>
        </test-method> <!-- beforeMethod -->
        <test-method signature="verifyUserCanParticularAmount()[pri:0, instance:TestClasses.VerifyUserCanAddFundToAccount@618b19ad]" started-at="2022-06-07T22:07:33 IST" name="verifyUserCanParticularAmount" finished-at="2022-06-07T22:07:41 IST" duration-ms="8283" status="PASS">
          <reporter-output>
          </reporter-output>
        </test-method> <!-- verifyUserCanParticularAmount -->
        <test-method is-config="true" signature="afterMethod(org.testng.ITestResult)[pri:0, instance:TestClasses.VerifyUserCanAddFundToAccount@618b19ad]" started-at="2022-06-07T22:07:41 IST" name="afterMethod" finished-at="2022-06-07T22:07:41 IST" duration-ms="0" status="PASS">
          <params>
            <param index="0">
              <value>
                <![CDATA[[TestResult name=verifyUserCanParticularAmount status=SUCCESS method=VerifyUserCanAddFundToAccount.verifyUserCanParticularAmount()[pri:0, instance:TestClasses.VerifyUserCanAddFundToAccount@618b19ad] output={null}]]]>
              </value>
            </param>
          </params>
          <reporter-output>
          </reporter-output>
        </test-method> <!-- afterMethod -->
        <test-method is-config="true" signature="afterClass()[pri:0, instance:TestClasses.VerifyUserCanAddFundToAccount@618b19ad]" started-at="2022-06-07T22:07:41 IST" name="afterClass" finished-at="2022-06-07T22:07:46 IST" duration-ms="4565" status="PASS">
          <reporter-output>
          </reporter-output>
        </test-method> <!-- afterClass -->
      </class> <!-- TestClasses.VerifyUserCanAddFundToAccount -->
    </test> <!-- chromeTest -->
  </suite> <!-- Suite -->
</testng-results>
